<?xml version="1.0" encoding="UTF-8"?>
<testng-results skipped="0" failed="0" ignored="0" total="1" passed="1">
  <reporter-output>
  </reporter-output>
  <suite name="Default suite" duration-ms="25315" started-at="2019-06-20T07:05:56Z" finished-at="2019-06-20T07:06:21Z">
    <groups>
    </groups>
    <test name="Default test" duration-ms="25315" started-at="2019-06-20T07:05:56Z" finished-at="2019-06-20T07:06:21Z">
      <class name="com.training.sanity.tests.LoginTests4">
        <test-method status="PASS" signature="setUpBeforeClass()[pri:0, instance:com.training.sanity.tests.LoginTests4@3bfdc050]" name="setUpBeforeClass" is-config="true" duration-ms="13071" started-at="2019-06-20T07:05:56Z" finished-at="2019-06-20T07:06:09Z">
          <reporter-output>
          </reporter-output>
        </test-method> <!-- setUpBeforeClass -->
        <test-method status="PASS" signature="validLoginTest()[pri:0, instance:com.training.sanity.tests.LoginTests4@3bfdc050]" name="validLoginTest" duration-ms="12195" started-at="2019-06-20T07:06:09Z" finished-at="2019-06-20T07:06:21Z">
          <reporter-output>
          </reporter-output>
        </test-method> <!-- validLoginTest -->
      </class> <!-- com.training.sanity.tests.LoginTests4 -->
    </test> <!-- Default test -->
  </suite> <!-- Default suite -->
</testng-results>
